Brlapi==0.5.6
Django==1.7.1
GnuPGInterface==0.3.2
PAM==0.4.2
PIL==1.1.7
Twisted-Core==11.1.0
Twisted-Web==11.1.0
apt-xapian-index==0.44
argparse==1.2.1
beautifulsoup4==4.0.2
chardet==2.0.1
command-not-found==0.2.44
configobj==4.7.2
debtagshw==0.1
defer==1.0.2
dj-database-url==0.3.0
dj-static==0.0.6
django-toolbelt==0.0.1
gunicorn==19.1.1
httplib2==0.7.2
jockey==0.9.7
language-selector==0.1
louis==2.3.0
lxml==2.3.2
nvidia-common==0.0.0
oauth==1.0.1
onboard==0.97.1
oneconf==0.2.8.1
pexpect==2.3
piston-mini-client==0.7.2
psycopg2==2.5.4
pyOpenSSL==0.12
pycups==1.9.61
pycurl==7.19.0
pyserial==2.5
pysmbc==1.0.13
python-apt==0.8.3ubuntu7.3-elementary7-ubuntu12.04.1
python-debian==0.1.21ubuntu1
python-virtkey==0.60.0
pyxdg==0.19
reportlab==2.5
sessioninstaller==0.0.0
simplejson==2.3.2
software-center-aptd-plugins==0.0.0
static3==0.5.1
system-service==0.1.6
unattended-upgrades==0.1
virtualenv==12.0.dev1
wsgiref==0.1.2
xkit==0.0.0
zope.interface==3.6.1
